simple-webview-app/app/build/outputs/mapping/release/seeds.txt
net.eximpoglobal.app.SplashActivity
net.eximpoglobal.app.MainActivity
net.eximpoglobal.app.MainActivity: MainActivity()
net.eximpoglobal.app.GoogleSignInBridge: void signIn()
net.eximpoglobal.app.SplashActivity: SplashActivity()
...
androidx.appcompat.widget.Toolbar: void setSubtitleTextColor(android.content.res.ColorStateList)
androidx.lifecycle.ProcessLifecycleOwner$3: void onActivityPaused(android.app.Activity)
com.google.android.gms.auth.api.signin.internal.SignInHubActivity: SignInHubActivity()
androidx.core.view.ViewCompat$Api21Impl: boolean dispatchNestedPreFling(android.view.View,float,float)
androidx.core.view.ViewCompat$Api16Impl: int getMinimumWidth(android.view.View)
androidx.appcompat.widget.AppCompatButton: void setSupportAllCaps(boolean)
androidx.core.view.WindowInsetsCompat$Impl21: androidx.core.view.WindowInsetsCompat consumeStableInsets()
androidx.core.widget.PopupWindowCompat$Api23Impl: void setOverlapAnchor(android.widget.PopupWindow,boolean)
androidx.appcompat.widget.AppCompatImageView: void setSupportImageTintMode(android.graphics.PorterDuff$Mode)
androidx.core.graphics.drawable.IconCompat: IconCompat()
androidx.appcompat.widget.ActionMenuView: void setPresenter(androidx.appcompat.widget.ActionMenuPresenter)
androidx.core.view.WindowInsetsCompat$Impl: void setRootWindowInsets(androidx.core.view.WindowInsetsCompat)
androidx.vectordrawable.graphics.drawable.VectorDrawableCompat$VPath: void setPathData(androidx.core.graphics.PathParser$PathDataNode[])
androidx.loader.app.LoaderManagerImpl$LoaderViewModel: LoaderManagerImpl$LoaderViewModel()
androidx.appcompat.widget.Toolbar: void setTitleMarginTop(int)
androidx.appcompat.widget.AppCompatTextViewAutoSizeHelper$Impl29: boolean isHorizontallyScrollable(android.widget.TextView)
androidx.core.view.MenuItemCompat$Api26Impl: android.view.MenuItem setIconTintList(android.view.MenuItem,android.content.res.ColorStateList)
androidx.appcompat.view.menu.ListMenuItemView: void setCheckable(boolean)
androidx.vectordrawable.graphics.drawable.VectorDrawableCompat$VectorDrawableCompatState: int getChangingConfigurations()
androidx.appcompat.widget.Toolbar: void setNavigationOnClickListener(android.view.View$OnClickListener)
androidx.appcompat.widget.AppCompatButton: int getAutoSizeStepGranularity()
androidx.core.view.ViewCompat$Api16Impl: android.view.accessibility.AccessibilityNodeProvider getAccessibilityNodeProvider(android.view.View)
androidx.appcompat.widget.AppCompatRadioButton: void setSupportBackgroundTintMode(android.graphics.PorterDuff$Mode)
androidx.appcompat.widget.AppCompatAutoCompleteTextView: void setSupportCompoundDrawablesTintList(android.content.res.ColorStateList)
androidx.core.view.WindowInsetsCompat$Impl21: androidx.core.view.WindowInsetsCompat consumeSystemWindowInsets()
androidx.core.view.WindowInsetsCompat$Impl: void copyWindowDataInto(androidx.core.view.WindowInsetsCompat)
androidx.appcompat.widget.Toolbar: int getCurrentContentInsetEnd()
androidx.appcompat.widget.AppCompatTextView: void setEmojiCompatEnabled(boolean)
androidx.core.view.ViewCompat$Api20Impl: android.view.WindowInsets dispatchApplyWindowInsets(android.view.View,android.view.WindowInsets)
androidx.appcompat.view.WindowCallbackWrapper$Api26Impl: void onPointerCaptureChanged(android.view.Window$Callback,boolean)
androidx.appcompat.widget.AppCompatSpinner: void setAdapter(android.widget.SpinnerAdapter)
androidx.appcompat.widget.Toolbar: int getCurrentContentInsetLeft()
androidx.appcompat.widget.ViewStubCompat: void setOnInflateListener(androidx.appcompat.widget.ViewStubCompat$OnInflateListener)
androidx.appcompat.widget.AppCompatToggleButton: void setSupportBackgroundTintMode(android.graphics.PorterDuff$Mode)
androidx.core.view.ViewCompat$Api21Impl: boolean isNestedScrollingEnabled(android.view.View)
androidx.core.content.res.ResourcesCompat$Api23Impl: int getColor(android.content.res.Resources,int,android.content.res.Resources$Theme)
androidx.appcompat.widget.Toolbar: android.graphics.drawable.Drawable getOverflowIcon()
androidx.core.graphics.drawable.DrawableCompat$Api19Impl: int getAlpha(android.graphics.drawable.Drawable)