simple-webview-app/app/build/outputs/mapping/release/mapping.txt
# compiler: R8
# compiler_version: 8.2.33
# min_api: 24
# common_typos_disable
# {"id":"com.android.tools.r8.mapping","version":"2.2"}
# pg_map_id: 5775180
# pg_map_hash: SHA-256 577518000a2aed30424898f9ccedf4c63a81292bc6e2be5f8c8ffa050b9406f2
net.eximpoglobal.app.GoogleSignInBridge -> z1.a:
# {"id":"sourceFile","fileName":"GoogleSignInBridge.java"}
    android.app.Activity activity -> a
    1:1:void signIn():0:0 -> signIn
net.eximpoglobal.app.GoogleSignInBridge$1 -> R8$$REMOVED$$CLASS$$354:
# {"id":"sourceFile","fileName":"GoogleSignInBridge.java"}
net.eximpoglobal.app.MainActivity -> net.eximpoglobal.app.MainActivity:
# {"id":"sourceFile","fileName":"MainActivity.java"}
    android.webkit.WebView webView -> u
    android.view.View noNetworkLayout -> v
    com.google.android.gms.auth.api.signin.GoogleSignInClient googleSignInClient -> w
      # {"id":"com.android.tools.r8.residualsignature","signature":"Lo0/a;"}
    androidx.activity.result.ActivityResultLauncher signInLauncher -> x
      # {"id":"com.android.tools.r8.residualsignature","signature":"Landroidx/activity/result/d;"}
    int $r8$clinit -> y
      # {"id":"com.android.tools.r8.synthesized"}
    1:1:void com.google.android.gms.auth.api.signin.GoogleSignInOptions$Builder.<init>(com.google.android.gms.auth.api.signin.GoogleSignInOptions):0:0 -> onCreate
    1:1:void onCreate(android.os.Bundle):0 -> onCreate
    2:2:java.util.ArrayList com.google.android.gms.auth.api.signin.GoogleSignInOptions.zag(com.google.android.gms.auth.api.signin.GoogleSignInOptions):0:0 -> onCreate
    2:2:void com.google.android.gms.auth.api.signin.GoogleSignInOptions$Builder.<init>(com.google.android.gms.auth.api.signin.GoogleSignInOptions):0 -> onCreate
    2:2:void onCreate(android.os.Bundle):0 -> onCreate
    3:3:java.util.Map com.google.android.gms.auth.api.signin.GoogleSignInOptions.zai(java.util.List):0:0 -> onCreate
    3:3:void com.google.android.gms.auth.api.signin.GoogleSignInOptions$Builder.<init>(com.google.android.gms.auth.api.signin.GoogleSignInOptions):0 -> onCreate
net.eximpoglobal.app.MainActivity$$ExternalSyntheticLambda0 -> z1.b:
# {"id":"sourceFile","fileName":"R8$$SyntheticClass"}
# {"id":"com.android.tools.r8.synthesized"}
    net.eximpoglobal.app.MainActivity net.eximpoglobal.app.MainActivity$$InternalSyntheticLambda$1$db76302b8225e45e6a628b8e217cd68968ab42c2c93b7761f93a7dfa536433de$0.f$0 -> a
      # {"id":"com.android.tools.r8.synthesized"}
    1:1:void net.eximpoglobal.app.MainActivity$$InternalSyntheticLambda$1$db76302b8225e45e6a628b8e217cd68968ab42c2c93b7761f93a7dfa536433de$0.<init>(net.eximpoglobal.app.MainActivity):0:0 -> <init>
      # {"id":"com.android.tools.r8.synthesized"}
    5:8:void net.eximpoglobal.app.MainActivity.lambda$onCreate$0(android.view.View):0:0 -> onClick
    5:8:void net.eximpoglobal.app.MainActivity$$InternalSyntheticLambda$1$db76302b8225e45e6a628b8e217cd68968ab42c2c93b7761f93a7dfa536433de$0.onClick(android.view.View):0 -> onClick
      # {"id":"com.android.tools.r8.synthesized"}
...
androidx.appcompat.widget.AppCompatTextViewAutoSizeHelper$Impl -> h.m1:
# {"id":"sourceFile","fileName":"AppCompatTextViewAutoSizeHelper.java"}
    void <init>() -> <init>
    void computeAndSetTextDirection(android.text.StaticLayout$Builder,android.widget.TextView) -> a
    1:1:boolean isHorizontallyScrollable(android.widget.TextView):0:0 -> b
androidx.appcompat.widget.AppCompatTextViewAutoSizeHelper$Impl23 -> h.k1:
# {"id":"sourceFile","fileName":"AppCompatTextViewAutoSizeHelper.java"}
    1:1:void <init>():0:0 -> <init>
    1:1:void computeAndSetTextDirection(android.text.StaticLayout$Builder,android.widget.TextView):0:0 -> a
androidx.appcompat.widget.AppCompatTextViewAutoSizeHelper$Impl29 -> h.l1:
# {"id":"sourceFile","fileName":"AppCompatTextViewAutoSizeHelper.java"}
    1:1:void <init>():0:0 -> <init>
    1:1:void computeAndSetTextDirection(android.text.StaticLayout$Builder,android.widget.TextView):0:0 -> a
    1:1:boolean isHorizontallyScrollable(android.widget.TextView):0:0 -> b
androidx.appcompat.widget.AppCompatToggleButton -> h.o1:
# {"id":"sourceFile","fileName":"AppCompatToggleButton.java"}
    androidx.appcompat.widget.AppCompatBackgroundHelper mBackgroundTintHelper -> a
      # {"id":"com.android.tools.r8.residualsignature","signature":"Lh/r;"}
    androidx.appcompat.widget.AppCompatTextHelper mTextHelper -> b
      # {"id":"com.android.tools.r8.residualsignature","signature":"Lh/d1;"}
    androidx.appcompat.widget.AppCompatEmojiTextHelper mAppCompatEmojiTextHelper -> c
      # {"id":"com.android.tools.r8.residualsignature","signature":"Lh/b0;"}
    4:41:void androidx.appcompat.widget.AppCompatToggleButton.<init>(android.content.Context,android.util.AttributeSet,int):0:0 -> <init>
    4:41:void <init>(android.content.Context,android.util.AttributeSet):0 -> <init>
    1:1:void drawableStateChanged():0:0 -> drawableStateChanged
    1:1:androidx.appcompat.widget.AppCompatEmojiTextHelper getEmojiTextViewHelper():0:0 -> getEmojiTextViewHelper
      # {"id":"com.android.tools.r8.residualsignature","signature":"()Lh/b0;"}
    1:1:android.content.res.ColorStateList getSupportBackgroundTintList():0:0 -> getSupportBackgroundTintList
    1:1:android.graphics.PorterDuff$Mode getSupportBackgroundTintMode():0:0 -> getSupportBackgroundTintMode
    1:1:android.content.res.ColorStateList getSupportCompoundDrawablesTintList():0:0 -> getSupportCompoundDrawablesTintList
androidx.appcompat.widget.ButtonBarLayout -> androidx.appcompat.widget.ButtonBarLayout:
# {"id":"sourceFile","fileName":"ButtonBarLayout.java"}
    boolean mAllowStacking -> a
    boolean mStacked -> b
    int mLastWidthSize -> c
    18:76:void onMeasure(int,int):0:0 -> onMeasure
    77:101:int getNextVisibleChildIndex(int):0:0 -> onMeasure
    77:101:void onMeasure(int,int):0 -> onMeasure
    102:131:void onMeasure(int,int):0:0 -> onMeasure
    132:154:int getNextVisibleChildIndex(int):0:0 -> onMeasure
    132:154:void onMeasure(int,int):0 -> onMeasure
    155:190:void onMeasure(int,int):0:0 -> onMeasure
    191:196:int androidx.core.view.ViewCompat.getMinimumHeight(android.view.View):0:0 -> onMeasure
    191:196:void onMeasure(int,int):0 -> onMeasure
    197:205:void onMeasure(int,int):0:0 -> onMeasure
    14:20:void setAllowStacking(boolean):0:0 -> setAllowStacking