simple-webview-app/app/build/outputs/mapping/release/usage.txt
net.eximpoglobal.app.MainActivity:
    private static final java.lang.String BASE_URL
    private static final java.lang.String TAG
net.eximpoglobal.app.R$color
net.eximpoglobal.app.R$drawable
net.eximpoglobal.app.R$id:
    private void <init>()
net.eximpoglobal.app.R$layout:
    public static int no_network
    private void <init>()
net.eximpoglobal.app.R$mipmap
net.eximpoglobal.app.R$string
net.eximpoglobal.app.R$style
net.eximpoglobal.app.R
net.eximpoglobal.app.SplashActivity:
    private static final int SPLASH_DURATION
    private static final java.lang.String SPLASH_IMAGE_URL
net.eximpoglobal.app.GoogleSignInBridge$1
net.eximpoglobal.app.MainActivity$$InternalSyntheticLambda$1$db76302b8225e45e6a628b8e217cd68968ab42c2c93b7761f93a7dfa536433de$1
net.eximpoglobal.app.MainActivity$$InternalSyntheticLambda$2$a2a1708c0dd729f634daa4e655df85cfb9f2a092e0c5ed2bec556eccfc20a74b$0
net.eximpoglobal.app.MainActivity$2
net.eximpoglobal.app.MainActivity:
    public static void handleSignInResult()
    public final void hideNoNetwork()
    public static boolean isNetworkAvailable()
    public static synthetic void lambda$hideNoNetwork$3()
    public static synthetic void lambda$onCreate$0()
    public static void lambda$onCreate$1()
    public static synthetic void lambda$showNoNetwork$2()
    public final void showNoNetwork()
    public static void startNativeGoogleSignIn()
net.eximpoglobal.app.R$id
net.eximpoglobal.app.R$layout
net.eximpoglobal.app.SplashActivity$$InternalSyntheticLambda$1$dd56ae23d2c013dc432d8f12a63e5005c504003f24f6b6ddcd054ce483bc2b57$0
net.eximpoglobal.app.SplashActivity$$InternalSyntheticLambda$2$1b0a1ee8aa0e925c8495d0af7cd915871934fe167b9d9d7b6d3478f95792a59e$0
net.eximpoglobal.app.SplashActivity$1
net.eximpoglobal.app.SplashActivity:
    public static synthetic void lambda$onCreate$1$1()
...
kotlin.comparisons.ComparisonsKt___ComparisonsKt
kotlin.comparisons.NaturalOrderComparator
kotlin.comparisons.ReverseOrderComparator
kotlin.comparisons.ReversedComparator
kotlin.comparisons.UComparisonsKt
kotlin.comparisons.UComparisonsKt___UComparisonsKt
kotlin.concurrent.LocksKt
kotlin.concurrent.ThreadsKt$thread$thread$1
kotlin.concurrent.ThreadsKt
kotlin.concurrent.TimersKt$timerTask$1
kotlin.concurrent.TimersKt
kotlin.contracts.CallsInPlace
kotlin.contracts.ConditionalEffect
kotlin.contracts.ContractBuilder$DefaultImpls
kotlin.contracts.ContractBuilder
kotlin.contracts.ContractBuilderKt
kotlin.contracts.Effect
kotlin.contracts.ExperimentalContracts
kotlin.contracts.InvocationKind
kotlin.contracts.Returns
kotlin.contracts.ReturnsNotNull
kotlin.contracts.SimpleEffect
kotlin.coroutines.CombinedContext$Serialized$Companion
kotlin.coroutines.CombinedContext$Serialized
kotlin.coroutines.CombinedContext$writeReplace$1
kotlin.coroutines.CombinedContext:
    public kotlin.coroutines.CoroutineContext plus(kotlin.coroutines.CoroutineContext)
    private final java.lang.Object writeReplace()
kotlin.coroutines.Continuation
kotlin.coroutines.ContinuationInterceptor$DefaultImpls:
    public static java.lang.Object fold(kotlin.coroutines.ContinuationInterceptor,java.lang.Object,kotlin.jvm.functions.Function2)
    public static kotlin.coroutines.CoroutineContext plus(kotlin.coroutines.ContinuationInterceptor,kotlin.coroutines.CoroutineContext)
    public static void releaseInterceptedContinuation(kotlin.coroutines.ContinuationInterceptor,kotlin.coroutines.Continuation)
kotlin.coroutines.ContinuationInterceptor:
    public abstract kotlin.coroutines.CoroutineContext$Element get(kotlin.coroutines.CoroutineContext$Key)
    public abstract kotlin.coroutines.Continuation interceptContinuation(kotlin.coroutines.Continuation)
    public abstract kotlin.coroutines.CoroutineContext minusKey(kotlin.coroutines.CoroutineContext$Key)
    public abstract void releaseInterceptedContinuation(kotlin.coroutines.Continuation)
kotlin.coroutines.ContinuationKt$Continuation$1
kotlin.coroutines.ContinuationKt
kotlin.coroutines.CoroutineContext$Element:
    public abstract java.lang.Object fold(java.lang.Object,kotlin.jvm.functions.Function2)
    public abstract kotlin.coroutines.CoroutineContext minusKey(kotlin.coroutines.CoroutineContext$Key)
kotlin.coroutines.CoroutineContext:
    public abstract kotlin.coroutines.CoroutineContext plus(kotlin.coroutines.CoroutineContext)
kotlin.coroutines.CoroutineContextImplKt
kotlin.coroutines.EmptyCoroutineContext:
    private static final long serialVersionUID
    public kotlin.coroutines.CoroutineContext plus(kotlin.coroutines.CoroutineContext)
    private final java.lang.Object readResolve()
kotlin.coroutines.RestrictsSuspension
kotlin.coroutines.SafeContinuation$Companion
kotlin.coroutines.SafeContinuation
kotlin.coroutines.cancellation.CancellationExceptionKt
kotlin.coroutines.intrinsics.CoroutineSingletons
kotlin.coroutines.intrinsics.IntrinsicsKt
kotlin.coroutines.intrinsics.IntrinsicsKt__IntrinsicsJvmKt$createCoroutineFromSuspendFunction$1
kotlin.coroutines.intrinsics.IntrinsicsKt__IntrinsicsJvmKt$createCoroutineFromSuspendFunction$2
kotlin.coroutines.intrinsics.IntrinsicsKt__IntrinsicsJvmKt$createCoroutineUnintercepted$$inlined$createCoroutineFromSuspendFunction$IntrinsicsKt__IntrinsicsJvmKt$1
kotlin.coroutines.intrinsics.IntrinsicsKt__IntrinsicsJvmKt$createCoroutineUnintercepted$$inlined$createCoroutineFromSuspendFunction$IntrinsicsKt__IntrinsicsJvmKt$2
kotlin.coroutines.intrinsics.IntrinsicsKt__IntrinsicsJvmKt$createCoroutineUnintercepted$$inlined$createCoroutineFromSuspendFunction$IntrinsicsKt__IntrinsicsJvmKt$3
kotlin.coroutines.intrinsics.IntrinsicsKt__IntrinsicsJvmKt$createCoroutineUnintercepted$$inlined$createCoroutineFromSuspendFunction$IntrinsicsKt__IntrinsicsJvmKt$4
kotlin.coroutines.intrinsics.IntrinsicsKt__IntrinsicsJvmKt
kotlin.coroutines.intrinsics.IntrinsicsKt__IntrinsicsKt